0 info it worked if it ends with ok
1 verbose cli [ '/usr/local/bin/node',
1 verbose cli   '/usr/local/bin/npm',
1 verbose cli   'install',
1 verbose cli   'angular-resource@X.Y.Z',
1 verbose cli   '-S' ]
2 info using npm@2.15.8
3 info using node@v4.4.7
4 verbose install initial load of /Users/macvelli/Google Drive/ukr-blog/package.json
5 verbose installManyTop reading scoped package data from /Users/macvelli/Google Drive/ukr-blog/node_modules/bcrypt/package.json
6 verbose installManyTop reading scoped package data from /Users/macvelli/Google Drive/ukr-blog/node_modules/bcrypt-nodejs/package.json
7 verbose installManyTop reading scoped package data from /Users/macvelli/Google Drive/ukr-blog/node_modules/body-parser/package.json
8 verbose installManyTop reading scoped package data from /Users/macvelli/Google Drive/ukr-blog/node_modules/cookie-parser/package.json
9 verbose installManyTop reading scoped package data from /Users/macvelli/Google Drive/ukr-blog/node_modules/express/package.json
10 verbose installManyTop reading scoped package data from /Users/macvelli/Google Drive/ukr-blog/node_modules/method-override/package.json
11 verbose installManyTop reading scoped package data from /Users/macvelli/Google Drive/ukr-blog/node_modules/mongoose/package.json
12 verbose installManyTop reading scoped package data from /Users/macvelli/Google Drive/ukr-blog/node_modules/morgan/package.json
13 verbose installManyTop reading scoped package data from /Users/macvelli/Google Drive/ukr-blog/node_modules/passport/package.json
14 verbose installManyTop reading scoped package data from /Users/macvelli/Google Drive/ukr-blog/node_modules/passport-local/package.json
15 info package.json bcrypt-nodejs@0.0.3 No license field.
16 info package.json passport-local@1.0.0 No license field.
17 verbose readDependencies loading dependencies from /Users/macvelli/Google Drive/ukr-blog/package.json
18 silly cache add args [ 'angular-resource@X.Y.Z', null ]
19 verbose cache add spec angular-resource@X.Y.Z
20 silly cache add parsed spec Result {
20 silly cache add   raw: 'angular-resource@X.Y.Z',
20 silly cache add   scope: null,
20 silly cache add   name: 'angular-resource',
20 silly cache add   rawSpec: 'X.Y.Z',
20 silly cache add   spec: 'X.Y.Z',
20 silly cache add   type: 'tag' }
21 silly addNamed angular-resource@X.Y.Z
22 verbose addNamed "X.Y.Z" is being treated as a dist-tag for angular-resource
23 info addNameTag [ 'angular-resource', 'X.Y.Z' ]
24 silly mapToRegistry name angular-resource
25 silly mapToRegistry using default registry
26 silly mapToRegistry registry https://registry.npmjs.org/
27 silly mapToRegistry data Result {
27 silly mapToRegistry   raw: 'angular-resource',
27 silly mapToRegistry   scope: null,
27 silly mapToRegistry   name: 'angular-resource',
27 silly mapToRegistry   rawSpec: '',
27 silly mapToRegistry   spec: 'latest',
27 silly mapToRegistry   type: 'tag' }
28 silly mapToRegistry uri https://registry.npmjs.org/angular-resource
29 verbose addNameTag registry:https://registry.npmjs.org/angular-resource not in flight; fetching
30 verbose request uri https://registry.npmjs.org/angular-resource
31 verbose request no auth needed
32 info attempt registry request try #1 at 12:54:21 PM
33 verbose request id d292a9d5afa3cae2
34 http request GET https://registry.npmjs.org/angular-resource
35 http 200 https://registry.npmjs.org/angular-resource
36 verbose headers { server: 'CouchDB/1.5.0 (Erlang OTP/R16B03)',
36 verbose headers   etag: '"C407JG5PF39CYCNWQ8O53FJHN"',
36 verbose headers   'content-type': 'application/json',
36 verbose headers   'content-encoding': 'gzip',
36 verbose headers   'cache-control': 'max-age=300',
36 verbose headers   'content-length': '11370',
36 verbose headers   'accept-ranges': 'bytes',
36 verbose headers   date: 'Thu, 10 Nov 2016 20:54:22 GMT',
36 verbose headers   via: '1.1 varnish',
36 verbose headers   age: '160',
36 verbose headers   connection: 'keep-alive',
36 verbose headers   'x-served-by': 'cache-sjc3620-SJC',
36 verbose headers   'x-cache': 'HIT',
36 verbose headers   'x-cache-hits': '1',
36 verbose headers   'x-timer': 'S1478811262.217342,VS0,VE0',
36 verbose headers   vary: 'Accept-Encoding' }
37 silly get cb [ 200,
37 silly get   { server: 'CouchDB/1.5.0 (Erlang OTP/R16B03)',
37 silly get     etag: '"C407JG5PF39CYCNWQ8O53FJHN"',
37 silly get     'content-type': 'application/json',
37 silly get     'content-encoding': 'gzip',
37 silly get     'cache-control': 'max-age=300',
37 silly get     'content-length': '11370',
37 silly get     'accept-ranges': 'bytes',
37 silly get     date: 'Thu, 10 Nov 2016 20:54:22 GMT',
37 silly get     via: '1.1 varnish',
37 silly get     age: '160',
37 silly get     connection: 'keep-alive',
37 silly get     'x-served-by': 'cache-sjc3620-SJC',
37 silly get     'x-cache': 'HIT',
37 silly get     'x-cache-hits': '1',
37 silly get     'x-timer': 'S1478811262.217342,VS0,VE0',
37 silly get     vary: 'Accept-Encoding' } ]
38 verbose get saving angular-resource to /Users/macvelli/.npm/registry.npmjs.org/angular-resource/.cache.json
39 verbose correctMkdir /Users/macvelli/.npm correctMkdir not in flight; initializing
40 silly addNameTag next cb for angular-resource with tag X.Y.Z
41 verbose stack Error: No compatible version found: angular-resource@'X.Y.Z'
41 verbose stack Valid install targets:
41 verbose stack ["0.0.1","0.0.2","0.1.0","0.1.1","1.3.0-rc.5","1.3.0","1.3.1","1.3.2","1.3.3","1.3.4-build.3587","1.2.27","1.3.4","1.3.5","1.3.6","1.3.7","1.2.28","1.3.8","1.4.0-beta.0","1.3.9","1.3.10","1.4.0-beta.1","1.4.0-beta.2","1.3.11","1.4.0-beta.3","1.3.12","1.3.13","1.4.0-beta.4","1.3.14","1.4.0-beta.5","1.4.0-beta.6","1.3.15","1.4.0-rc.0","1.4.0-rc.1","1.4.0-rc.2","1.4.0","1.3.16","1.4.1","1.4.2","1.3.17","1.4.3","1.4.4","1.3.18","1.4.5","1.3.19","1.4.6","1.5.0-beta.0","1.2.29","1.3.20","1.4.7","1.5.0-beta.2","1.4.8","1.5.0-rc.0","1.5.0-rc.1","1.4.9","1.5.0-rc.2","1.5.0","1.5.1","1.4.10","1.5.2","1.5.3","1.5.5","1.4.11","1.5.6","1.4.12","1.5.7","1.2.30","1.5.8","1.4.13","1.2.31","1.2.32","1.4.14","1.6.0-rc.0"]
41 verbose stack
41 verbose stack     at installTargetsError (/usr/local/lib/node_modules/npm/lib/cache/add-named.js:284:12)
41 verbose stack     at next (/usr/local/lib/node_modules/npm/lib/cache/add-named.js:94:10)
41 verbose stack     at RES (/usr/local/lib/node_modules/npm/node_modules/inflight/inflight.js:23:14)
41 verbose stack     at f (/usr/local/lib/node_modules/npm/node_modules/once/once.js:17:25)
41 verbose stack     at fixName (/usr/local/lib/node_modules/npm/lib/cache/add-named.js:29:5)
41 verbose stack     at saved (/usr/local/lib/node_modules/npm/lib/cache/caching-client.js:173:7)
41 verbose stack     at /usr/local/lib/node_modules/npm/node_modules/graceful-fs/polyfills.js:210:7
41 verbose stack     at FSReqWrap.oncomplete (fs.js:82:15)
42 verbose cwd /Users/macvelli/Google Drive/ukr-blog
43 error Darwin 14.5.0
44 error argv "/usr/local/bin/node" "/usr/local/bin/npm" "install" "angular-resource@X.Y.Z" "-S"
45 error node v4.4.7
46 error npm  v2.15.8
47 error code ETARGET
48 error notarget No compatible version found: angular-resource@'X.Y.Z'
48 error notarget Valid install targets:
48 error notarget ["0.0.1","0.0.2","0.1.0","0.1.1","1.3.0-rc.5","1.3.0","1.3.1","1.3.2","1.3.3","1.3.4-build.3587","1.2.27","1.3.4","1.3.5","1.3.6","1.3.7","1.2.28","1.3.8","1.4.0-beta.0","1.3.9","1.3.10","1.4.0-beta.1","1.4.0-beta.2","1.3.11","1.4.0-beta.3","1.3.12","1.3.13","1.4.0-beta.4","1.3.14","1.4.0-beta.5","1.4.0-beta.6","1.3.15","1.4.0-rc.0","1.4.0-rc.1","1.4.0-rc.2","1.4.0","1.3.16","1.4.1","1.4.2","1.3.17","1.4.3","1.4.4","1.3.18","1.4.5","1.3.19","1.4.6","1.5.0-beta.0","1.2.29","1.3.20","1.4.7","1.5.0-beta.2","1.4.8","1.5.0-rc.0","1.5.0-rc.1","1.4.9","1.5.0-rc.2","1.5.0","1.5.1","1.4.10","1.5.2","1.5.3","1.5.5","1.4.11","1.5.6","1.4.12","1.5.7","1.2.30","1.5.8","1.4.13","1.2.31","1.2.32","1.4.14","1.6.0-rc.0"]
48 error notarget
48 error notarget This is most likely not a problem with npm itself.
48 error notarget In most cases you or one of your dependencies are requesting
48 error notarget a package version that doesn't exist.
48 error notarget
48 error notarget It was specified as a dependency of 'ukr-blog'
49 verbose exit [ 1, true ]
